<?xml version="1.0" encoding="UTF-8"?>
<!-- Generated by org.testng.reporters.JUnitReportReporter -->
<testsuite hostname="lin76001635" failures="0" tests="1" name="com.scenarios.DemoScene1" time="30.075" errors="0" timestamp="2024-03-21T15:12:44 IST" skipped="0">
  <testcase classname="com.scenarios.DemoScene1" name="jsonCredential" time="30.075"/>
</testsuite> <!-- com.scenarios.DemoScene1 -->
