<?xml version="1.0" encoding="UTF-8"?>
<!-- Generated by org.testng.reporters.JUnitReportReporter -->
<testsuite hostname="lin76001635" failures="0" tests="1" name="com.scenarios.DemoScene5" time="5.403" errors="0" timestamp="2024-03-28T11:15:31 IST" skipped="0">
  <testcase classname="com.scenarios.DemoScene5" name="jsonCredential" time="5.403"/>
</testsuite> <!-- com.scenarios.DemoScene5 -->
