<?xml version="1.0" encoding="UTF-8"?>
<!-- Generated by org.testng.reporters.JUnitReportReporter -->
<testsuite hostname="lin76001635" failures="0" tests="1" name="com.scenarios.RepliconBalanceOffs" time="49.383" errors="0" timestamp="2024-04-04T14:32:38 IST" skipped="0">
  <testcase classname="com.scenarios.RepliconBalanceOffs" name="runMethods" time="49.383"/>
</testsuite> <!-- com.scenarios.RepliconBalanceOffs -->
