<?xml version="1.0" encoding="UTF-8"?>
<!-- Generated by org.testng.reporters.JUnitReportReporter -->
<testsuite hostname="lin76001635" failures="0" tests="1" name="com.scenarios.DemoScene2" time="13.153" errors="0" timestamp="2024-03-11T11:55:32 IST" skipped="0">
  <testcase classname="com.scenarios.DemoScene2" name="StartApp" time="13.153"/>
</testsuite> <!-- com.scenarios.DemoScene2 -->
