<?xml version="1.0" encoding="UTF-8"?>
<!-- Generated by org.testng.reporters.JUnitReportReporter -->
<testsuite hostname="lin76001635" failures="0" tests="1" name="com.scenarios.DemoScene5" time="3.317" errors="0" timestamp="2024-03-11T00:36:25 IST" skipped="0">
  <testcase classname="com.scenarios.DemoScene5" name="TestStart" time="3.317"/>
</testsuite> <!-- com.scenarios.DemoScene5 -->
