<?xml version="1.0" encoding="UTF-8"?>
<!-- Generated by org.testng.reporters.JUnitReportReporter -->
<testsuite hostname="lin76001635" failures="0" tests="1" name="com.scenarios.DemoScene5" time="4.187" errors="0" timestamp="2024-03-15T16:09:22 IST" skipped="0">
  <testcase classname="com.scenarios.DemoScene5" name="testStart" time="4.187"/>
</testsuite> <!-- com.scenarios.DemoScene5 -->
