<?xml version="1.0" encoding="UTF-8"?>
<!-- Generated by org.testng.reporters.JUnitReportReporter -->
<testsuite hostname="lin76001635" failures="0" tests="1" name="com.scenarios.DemoScene3" time="15.015" errors="0" timestamp="2024-03-21T16:15:54 IST" skipped="0">
  <testcase classname="com.scenarios.DemoScene3" name="startApp" time="15.015"/>
</testsuite> <!-- com.scenarios.DemoScene3 -->
