<?xml version="1.0" encoding="UTF-8"?>
<!-- Generated by org.testng.reporters.JUnitReportReporter -->
<testsuite hostname="lin76001635" failures="0" tests="1" name="com.scenarios.DemoScene4" time="1.272" errors="0" timestamp="2024-03-24T17:35:50 IST" skipped="0">
  <testcase classname="com.scenarios.DemoScene4" name="compareValues" time="1.272"/>
</testsuite> <!-- com.scenarios.DemoScene4 -->
